[Phase 1] CMA-ES over 15D robot dynamics
Phase 0 baseline = 41271.18
X0 = [1.     1.     1.     1.     1.     0.     1.     1.     1.     1.
 0.     0.     0.     0.     0.0049]
X0 eval: score=41271.18 (5.8s)
gen   1  best= 25283.28  pop_min= 25283.28  mean= 41685.15  nfev=  12  (66s)
gen   2  best= 24060.78  pop_min= 24060.78  mean= 31385.47  nfev=  24  (133s)
gen   3  best= 23483.38  pop_min= 23483.38  mean= 26557.76  nfev=  36  (199s)
gen   4  best= 21132.69  pop_min= 21132.69  mean= 25734.61  nfev=  48  (266s)
gen   5  best= 21132.69  pop_min= 21459.46  mean= 23289.45  nfev=  60  (332s)
gen   6  best= 21132.69  pop_min= 21574.70  mean= 22432.83  nfev=  72  (398s)
gen   7  best= 21132.69  pop_min= 21903.68  mean= 23211.62  nfev=  84  (466s)
gen   8  best= 21132.69  pop_min= 21165.48  mean= 22848.74  nfev=  96  (533s)
gen   9  best= 21102.43  pop_min= 21102.43  mean= 22526.62  nfev= 108  (599s)
gen  10  best= 21102.43  pop_min= 21231.31  mean= 22427.01  nfev= 120  (664s)
gen  11  best= 21102.43  pop_min= 21373.72  mean= 22408.23  nfev= 132  (729s)
gen  12  best= 21102.43  pop_min= 21484.63  mean= 22878.88  nfev= 144  (794s)
gen  13  best= 21102.43  pop_min= 22003.78  mean= 22538.37  nfev= 156  (859s)
gen  14  best= 21102.43  pop_min= 21817.04  mean= 22800.48  nfev= 168  (924s)
gen  15  best= 21102.43  pop_min= 21459.05  mean= 23068.70  nfev= 180  (990s)
gen  16  best= 21102.43  pop_min= 21637.14  mean= 22614.18  nfev= 192  (1055s)
gen  17  best= 21102.43  pop_min= 21694.42  mean= 22437.07  nfev= 204  (1121s)
gen  18  best= 21102.43  pop_min= 21648.23  mean= 22741.30  nfev= 216  (1187s)
gen  19  best= 21102.43  pop_min= 21496.96  mean= 22445.31  nfev= 228  (1253s)
gen  20  best= 21102.43  pop_min= 21609.01  mean= 22498.40  nfev= 240  (1318s)
gen  21  best= 21102.43  pop_min= 21281.22  mean= 22403.21  nfev= 252  (1383s)
gen  22  best= 21102.43  pop_min= 21514.63  mean= 22564.80  nfev= 264  (1449s)
gen  23  best= 21102.43  pop_min= 21583.23  mean= 23016.40  nfev= 276  (1514s)
gen  24  best= 21102.43  pop_min= 21479.43  mean= 22577.29  nfev= 288  (1580s)
gen  25  best= 21102.43  pop_min= 21734.60  mean= 22463.18  nfev= 300  (1645s)
gen  26  best= 20371.07  pop_min= 20371.07  mean= 22272.05  nfev= 312  (1710s)
gen  27  best= 20371.07  pop_min= 20943.33  mean= 22519.83  nfev= 324  (1775s)
gen  28  best= 20371.07  pop_min= 20595.18  mean= 22448.52  nfev= 336  (1840s)
gen  29  best= 20371.07  pop_min= 20700.27  mean= 21923.48  nfev= 348  (1905s)
gen  30  best= 20370.75  pop_min= 20370.75  mean= 21803.29  nfev= 360  (1971s)
gen  31  best= 20370.75  pop_min= 20943.62  mean= 22226.44  nfev= 372  (2037s)
gen  32  best= 20367.75  pop_min= 20367.75  mean= 21667.50  nfev= 384  (2102s)
gen  33  best= 20367.75  pop_min= 20878.55  mean= 22173.41  nfev= 396  (2167s)
gen  34  best= 20367.75  pop_min= 20741.24  mean= 21997.94  nfev= 408  (2232s)

[Phase 1 done] best=20367.75  Δ=50.6%
Written: C:\Users\junho\Documents\jump-opt-digital-twin\code\goal19\phase1\phase1_best.json
WARNING: Nan, Inf or huge value in QACC at DOF 2. The simulation is unstable. Time = 0.0995.

WARNING: Nan, Inf or huge value in QACC at DOF 0. The simulation is unstable. Time = 0.0935.

WARNING: Nan, Inf or huge value in QACC at DOF 1. The simulation is unstable. Time = 0.1345.

WARNING: Nan, Inf or huge value in QACC at DOF 0. The simulation is unstable. Time = 0.0875.

WARNING: Nan, Inf or huge value in QACC at DOF 0. The simulation is unstable. Time = 0.1145.

WARNING: Nan, Inf or huge value in QACC at DOF 0. The simulation is unstable. Time = 0.1060.

WARNING: Nan, Inf or huge value in QACC at DOF 1. The simulation is unstable. Time = 0.1340.

WARNING: Nan, Inf or huge value in QACC at DOF 1. The simulation is unstable. Time = 0.1590.

WARNING: Nan, Inf or huge value in QACC at DOF 1. The simulation is unstable. Time = 0.0825.

WARNING: Nan, Inf or huge value in QACC at DOF 1. The simulation is unstable. Time = 0.0730.

WARNING: Nan, Inf or huge value in QACC at DOF 2. The simulation is unstable. Time = 0.1160.

WARNING: Nan, Inf or huge value in QACC at DOF 0. The simulation is unstable. Time = 0.1260.

